RAY PROFILING MODE ENABLED
IP Head: 172.21.4.25:6379
STARTING HEAD at mem002
E0504 13:58:04.476993318 2663781 fork_posix.cc:70]           Fork support is only compatible with the epoll1 and poll polling strategies
E0504 13:58:04.503988710 2663781 fork_posix.cc:70]           Fork support is only compatible with the epoll1 and poll polling strategies
E0504 13:58:04.601055291 2663781 fork_posix.cc:70]           Fork support is only compatible with the epoll1 and poll polling strategies
E0504 13:58:04.607452180 2663781 fork_posix.cc:70]           Fork support is only compatible with the epoll1 and poll polling strategies
2022-05-04 13:58:04,288	INFO scripts.py:697 -- Local node IP: 172.21.4.25
2022-05-04 13:58:06,007	SUCC scripts.py:739 -- --------------------
2022-05-04 13:58:06,007	SUCC scripts.py:740 -- Ray runtime started.
2022-05-04 13:58:06,007	SUCC scripts.py:741 -- --------------------
2022-05-04 13:58:06,007	INFO scripts.py:743 -- Next steps
2022-05-04 13:58:06,007	INFO scripts.py:744 -- To connect to this Ray runtime from another node, run
2022-05-04 13:58:06,008	INFO scripts.py:747 --   ray start --address='172.21.4.25:6379'
2022-05-04 13:58:06,008	INFO scripts.py:752 -- Alternatively, use the following Python code:
2022-05-04 13:58:06,008	INFO scripts.py:754 -- import ray
2022-05-04 13:58:06,008	INFO scripts.py:758 -- ray.init(address='auto', _node_ip_address='172.21.4.25')
2022-05-04 13:58:06,008	INFO scripts.py:770 -- To connect to this Ray runtime from outside of the cluster, for example to
2022-05-04 13:58:06,008	INFO scripts.py:774 -- connect to a remote cluster from your laptop directly, use the following
2022-05-04 13:58:06,008	INFO scripts.py:778 -- Python code:
2022-05-04 13:58:06,008	INFO scripts.py:780 -- import ray
2022-05-04 13:58:06,008	INFO scripts.py:781 -- ray.init(address='ray://<head_node_ip_address>:10001')
2022-05-04 13:58:06,008	INFO scripts.py:790 -- If connection fails, check your firewall settings and network configuration.
2022-05-04 13:58:06,008	INFO scripts.py:798 -- To terminate the Ray runtime, run
2022-05-04 13:58:06,008	INFO scripts.py:799 --   ray stop
2022-05-04 13:58:06,008	INFO scripts.py:874 -- --block
2022-05-04 13:58:06,008	INFO scripts.py:875 -- This command will now block until terminated by a signal.
2022-05-04 13:58:06,008	INFO scripts.py:878 -- Running subprocesses are monitored and a message will be printed if any of them terminate unexpectedly.
Usage stats collection will be enabled by default in the next release. See https://github.com/ray-project/ray/issues/20857 for more details.
======== Autoscaler status: 2022-05-04 13:58:12.960646 ========
Node status
---------------------------------------------------------------
Healthy:
 1 node_10e055549a5c8441a6b02fef0ebef388b2b6b73de8a0771bfa419f2d
Pending:
 (no pending nodes)
Recent failures:
 (no failures)

Resources
---------------------------------------------------------------
Usage:
 0.0/41.0 CPU
 0.00/557.338 GiB memory
 0.00/186.265 GiB object_store_memory

Demands:
 (no resource demands)
[0m2022-05-04 13:58:19.357576: W tensorflow/stream_executor/platform/default/dso_loader.cc:64] Could not load dynamic library 'libcudart.so.11.0'; dlerror: libcudart.so.11.0: cannot open shared object file: No such file or directory; LD_LIBRARY_PATH: /cm/shared/apps/slurm/current/lib64/slurm:/cm/shared/apps/slurm/current/lib64:/mnt/shared/apps/2022r1/gpu/linux-rhel8-zen/gcc-8.5.0/miniconda3-4.10.3-buki4rdp5gkqcoitw7pwnmyw7xdywhuu/lib
2022-05-04 13:58:19.357596: I tensorflow/stream_executor/cuda/cudart_stub.cc:29] Ignore above cudart dlerror if you do not have a GPU set up on your machine.
redis server :
2022-05-04 13:58:28.883692: W tensorflow/stream_executor/platform/default/dso_loader.cc:64] Could not load dynamic library 'libcuda.so.1'; dlerror: libcuda.so.1: cannot open shared object file: No such file or directory; LD_LIBRARY_PATH: /cm/shared/apps/slurm/current/lib64/slurm:/cm/shared/apps/slurm/current/lib64:/mnt/shared/apps/2022r1/gpu/linux-rhel8-zen/gcc-8.5.0/miniconda3-4.10.3-buki4rdp5gkqcoitw7pwnmyw7xdywhuu/lib
2022-05-04 13:58:28.883713: W tensorflow/stream_executor/cuda/cuda_driver.cc:269] failed call to cuInit: UNKNOWN ERROR (303)
2022-05-04 13:58:28.883726: I tensorflow/stream_executor/cuda/cuda_diagnostics.cc:156] kernel driver does not appear to be running on this host (mem002): /proc/driver/nvidia/version does not exist
2022-05-04 13:58:28.884279: I tensorflow/core/platform/cpu_feature_guard.cc:151] This TensorFlow binary is optimized with oneAPI Deep Neural Network Library (oneDNN) to use the following CPU instructions in performance-critical operations:  AVX2 AVX512F FMA
To enable them in other operations, rebuild TensorFlow with the appropriate compiler flags.
WARNING:tensorflow:Compiled the loaded model, but the compiled metrics have yet to be built. `model.compile_metrics` will be empty until you train or evaluate the model.
2022-05-04 13:58:30.404924: W tensorflow/python/util/util.cc:368] Sets are not currently considered sequences, but this may change in the future, so consider avoiding using them.
WARNING:tensorflow:Compiled the loaded model, but the compiled metrics have yet to be built. `model.compile_metrics` will be empty until you train or evaluate the model.
WARNING:tensorflow:Compiled the loaded model, but the compiled metrics have yet to be built. `model.compile_metrics` will be empty until you train or evaluate the model.
WARNING:tensorflow:Compiled the loaded model, but the compiled metrics have yet to be built. `model.compile_metrics` will be empty until you train or evaluate the model.
WARNING:tensorflow:Compiled the loaded model, but the compiled metrics have yet to be built. `model.compile_metrics` will be empty until you train or evaluate the model.
WARNING:tensorflow:Compiled the loaded model, but the compiled metrics have yet to be built. `model.compile_metrics` will be empty until you train or evaluate the model.
[2m[36m(pid=2664278)[0m 2022-05-04 13:58:36.496762: W tensorflow/stream_executor/platform/default/dso_loader.cc:64] Could not load dynamic library 'libcudart.so.11.0'; dlerror: libcudart.so.11.0: cannot open shared object file: No such file or directory; LD_LIBRARY_PATH: /cm/shared/apps/slurm/current/lib64/slurm:/cm/shared/apps/slurm/current/lib64:/mnt/shared/apps/2022r1/gpu/linux-rhel8-zen/gcc-8.5.0/miniconda3-4.10.3-buki4rdp5gkqcoitw7pwnmyw7xdywhuu/lib
[2m[36m(pid=2664278)[0m 2022-05-04 13:58:36.497924: I tensorflow/stream_executor/cuda/cudart_stub.cc:29] Ignore above cudart dlerror if you do not have a GPU set up on your machine.
WARNING:tensorflow:Compiled the loaded model, but the compiled metrics have yet to be built. `model.compile_metrics` will be empty until you train or evaluate the model.
[2m[36m(pid=2664302)[0m 2022-05-04 13:58:38.024281: W tensorflow/stream_executor/platform/default/dso_loader.cc:64] Could not load dynamic library 'libcudart.so.11.0'; dlerror: libcudart.so.11.0: cannot open shared object file: No such file or directory; LD_LIBRARY_PATH: /cm/shared/apps/slurm/current/lib64/slurm:/cm/shared/apps/slurm/current/lib64:/mnt/shared/apps/2022r1/gpu/linux-rhel8-zen/gcc-8.5.0/miniconda3-4.10.3-buki4rdp5gkqcoitw7pwnmyw7xdywhuu/lib
[2m[36m(pid=2664302)[0m 2022-05-04 13:58:38.025930: I tensorflow/stream_executor/cuda/cudart_stub.cc:29] Ignore above cudart dlerror if you do not have a GPU set up on your machine.
WARNING:tensorflow:Compiled the loaded model, but the compiled metrics have yet to be built. `model.compile_metrics` will be empty until you train or evaluate the model.
WARNING:tensorflow:Compiled the loaded model, but the compiled metrics have yet to be built. `model.compile_metrics` will be empty until you train or evaluate the model.
[2m[36m(pid=2664391)[0m 2022-05-04 13:58:40.783172: W tensorflow/stream_executor/platform/default/dso_loader.cc:64] Could not load dynamic library 'libcudart.so.11.0'; dlerror: libcudart.so.11.0: cannot open shared object file: No such file or directory; LD_LIBRARY_PATH: /cm/shared/apps/slurm/current/lib64/slurm:/cm/shared/apps/slurm/current/lib64:/mnt/shared/apps/2022r1/gpu/linux-rhel8-zen/gcc-8.5.0/miniconda3-4.10.3-buki4rdp5gkqcoitw7pwnmyw7xdywhuu/lib
[2m[36m(pid=2664391)[0m 2022-05-04 13:58:40.784473: I tensorflow/stream_executor/cuda/cudart_stub.cc:29] Ignore above cudart dlerror if you do not have a GPU set up on your machine.
WARNING:tensorflow:Compiled the loaded model, but the compiled metrics have yet to be built. `model.compile_metrics` will be empty until you train or evaluate the model.
WARNING:tensorflow:Compiled the loaded model, but the compiled metrics have yet to be built. `model.compile_metrics` will be empty until you train or evaluate the model.
[2m[36m(Gan pid=2664278)[0m 2022-05-04 13:58:43.107795: W tensorflow/stream_executor/platform/default/dso_loader.cc:64] Could not load dynamic library 'libcuda.so.1'; dlerror: libcuda.so.1: cannot open shared object file: No such file or directory; LD_LIBRARY_PATH: /cm/shared/apps/slurm/current/lib64/slurm:/cm/shared/apps/slurm/current/lib64:/mnt/shared/apps/2022r1/gpu/linux-rhel8-zen/gcc-8.5.0/miniconda3-4.10.3-buki4rdp5gkqcoitw7pwnmyw7xdywhuu/lib
[2m[36m(Gan pid=2664278)[0m 2022-05-04 13:58:43.108734: W tensorflow/stream_executor/cuda/cuda_driver.cc:269] failed call to cuInit: UNKNOWN ERROR (303)
[2m[36m(Gan pid=2664278)[0m 2022-05-04 13:58:43.109377: I tensorflow/stream_executor/cuda/cuda_diagnostics.cc:156] kernel driver does not appear to be running on this host (mem002): /proc/driver/nvidia/version does not exist
[2m[36m(Gan pid=2664278)[0m 2022-05-04 13:58:43.110280: I tensorflow/core/platform/cpu_feature_guard.cc:151] This TensorFlow binary is optimized with oneAPI Deep Neural Network Library (oneDNN) to use the following CPU instructions in performance-critical operations:  AVX2 AVX512F FMA
[2m[36m(Gan pid=2664278)[0m To enable them in other operations, rebuild TensorFlow with the appropriate compiler flags.
[2m[36m(Gan pid=2664278)[0m WARNING:tensorflow:No training configuration found in save file, so the model was *not* compiled. Compile it manually.
WARNING:tensorflow:Compiled the loaded model, but the compiled metrics have yet to be built. `model.compile_metrics` will be empty until you train or evaluate the model.
[2m[36m(pid=2664516)[0m 2022-05-04 13:58:43.873899: W tensorflow/stream_executor/platform/default/dso_loader.cc:64] Could not load dynamic library 'libcudart.so.11.0'; dlerror: libcudart.so.11.0: cannot open shared object file: No such file or directory; LD_LIBRARY_PATH: /cm/shared/apps/slurm/current/lib64/slurm:/cm/shared/apps/slurm/current/lib64:/mnt/shared/apps/2022r1/gpu/linux-rhel8-zen/gcc-8.5.0/miniconda3-4.10.3-buki4rdp5gkqcoitw7pwnmyw7xdywhuu/lib
[2m[36m(pid=2664516)[0m 2022-05-04 13:58:43.875486: I tensorflow/stream_executor/cuda/cudart_stub.cc:29] Ignore above cudart dlerror if you do not have a GPU set up on your machine.
[2m[36m(Gan pid=2664278)[0m WARNING:tensorflow:No training configuration found in save file, so the model was *not* compiled. Compile it manually.
[2m[36m(Gan pid=2664278)[0m /home/aamalan/.local/lib/python3.8/site-packages/keras/optimizer_v2/rmsprop.py:130: UserWarning: The `lr` argument is deprecated, use `learning_rate` instead.
[2m[36m(Gan pid=2664278)[0m   super(RMSprop, self).__init__(name, **kwargs)
WARNING:tensorflow:Compiled the loaded model, but the compiled metrics have yet to be built. `model.compile_metrics` will be empty until you train or evaluate the model.
[2m[36m(Gan pid=2664302)[0m 2022-05-04 13:58:45.843825: W tensorflow/stream_executor/platform/default/dso_loader.cc:64] Could not load dynamic library 'libcuda.so.1'; dlerror: libcuda.so.1: cannot open shared object file: No such file or directory; LD_LIBRARY_PATH: /cm/shared/apps/slurm/current/lib64/slurm:/cm/shared/apps/slurm/current/lib64:/mnt/shared/apps/2022r1/gpu/linux-rhel8-zen/gcc-8.5.0/miniconda3-4.10.3-buki4rdp5gkqcoitw7pwnmyw7xdywhuu/lib
[2m[36m(Gan pid=2664302)[0m 2022-05-04 13:58:45.844650: W tensorflow/stream_executor/cuda/cuda_driver.cc:269] failed call to cuInit: UNKNOWN ERROR (303)
[2m[36m(Gan pid=2664302)[0m 2022-05-04 13:58:45.845674: I tensorflow/stream_executor/cuda/cuda_diagnostics.cc:156] kernel driver does not appear to be running on this host (mem002): /proc/driver/nvidia/version does not exist
[2m[36m(Gan pid=2664302)[0m 2022-05-04 13:58:45.847014: I tensorflow/core/platform/cpu_feature_guard.cc:151] This TensorFlow binary is optimized with oneAPI Deep Neural Network Library (oneDNN) to use the following CPU instructions in performance-critical operations:  AVX2 AVX512F FMA
[2m[36m(Gan pid=2664302)[0m To enable them in other operations, rebuild TensorFlow with the appropriate compiler flags.
[2m[36m(pid=2664551)[0m 2022-05-04 13:58:46.290284: W tensorflow/stream_executor/platform/default/dso_loader.cc:64] Could not load dynamic library 'libcudart.so.11.0'; dlerror: libcudart.so.11.0: cannot open shared object file: No such file or directory; LD_LIBRARY_PATH: /cm/shared/apps/slurm/current/lib64/slurm:/cm/shared/apps/slurm/current/lib64:/mnt/shared/apps/2022r1/gpu/linux-rhel8-zen/gcc-8.5.0/miniconda3-4.10.3-buki4rdp5gkqcoitw7pwnmyw7xdywhuu/lib
[2m[36m(pid=2664551)[0m 2022-05-04 13:58:46.291617: I tensorflow/stream_executor/cuda/cudart_stub.cc:29] Ignore above cudart dlerror if you do not have a GPU set up on your machine.
WARNING:tensorflow:Compiled the loaded model, but the compiled metrics have yet to be built. `model.compile_metrics` will be empty until you train or evaluate the model.
[2m[36m(Gan pid=2664302)[0m WARNING:tensorflow:No training configuration found in save file, so the model was *not* compiled. Compile it manually.
[2m[36m(Gan pid=2664302)[0m WARNING:tensorflow:No training configuration found in save file, so the model was *not* compiled. Compile it manually.
[2m[36m(Gan pid=2664302)[0m /home/aamalan/.local/lib/python3.8/site-packages/keras/optimizer_v2/rmsprop.py:130: UserWarning: The `lr` argument is deprecated, use `learning_rate` instead.
[2m[36m(Gan pid=2664302)[0m   super(RMSprop, self).__init__(name, **kwargs)
WARNING:tensorflow:Compiled the loaded model, but the compiled metrics have yet to be built. `model.compile_metrics` will be empty until you train or evaluate the model.
[2m[36m(Gan pid=2664391)[0m 2022-05-04 13:58:47.532149: W tensorflow/stream_executor/platform/default/dso_loader.cc:64] Could not load dynamic library 'libcuda.so.1'; dlerror: libcuda.so.1: cannot open shared object file: No such file or directory; LD_LIBRARY_PATH: /cm/shared/apps/slurm/current/lib64/slurm:/cm/shared/apps/slurm/current/lib64:/mnt/shared/apps/2022r1/gpu/linux-rhel8-zen/gcc-8.5.0/miniconda3-4.10.3-buki4rdp5gkqcoitw7pwnmyw7xdywhuu/lib
[2m[36m(Gan pid=2664391)[0m 2022-05-04 13:58:47.532963: W tensorflow/stream_executor/cuda/cuda_driver.cc:269] failed call to cuInit: UNKNOWN ERROR (303)
[2m[36m(Gan pid=2664391)[0m 2022-05-04 13:58:47.533687: I tensorflow/stream_executor/cuda/cuda_diagnostics.cc:156] kernel driver does not appear to be running on this host (mem002): /proc/driver/nvidia/version does not exist
[2m[36m(Gan pid=2664391)[0m 2022-05-04 13:58:47.534703: I tensorflow/core/platform/cpu_feature_guard.cc:151] This TensorFlow binary is optimized with oneAPI Deep Neural Network Library (oneDNN) to use the following CPU instructions in performance-critical operations:  AVX2 AVX512F FMA
[2m[36m(Gan pid=2664391)[0m To enable them in other operations, rebuild TensorFlow with the appropriate compiler flags.
[2m[36m(pid=2664807)[0m 2022-05-04 13:58:48.201842: W tensorflow/stream_executor/platform/default/dso_loader.cc:64] Could not load dynamic library 'libcudart.so.11.0'; dlerror: libcudart.so.11.0: cannot open shared object file: No such file or directory; LD_LIBRARY_PATH: /cm/shared/apps/slurm/current/lib64/slurm:/cm/shared/apps/slurm/current/lib64:/mnt/shared/apps/2022r1/gpu/linux-rhel8-zen/gcc-8.5.0/miniconda3-4.10.3-buki4rdp5gkqcoitw7pwnmyw7xdywhuu/lib
[2m[36m(pid=2664807)[0m 2022-05-04 13:58:48.203135: I tensorflow/stream_executor/cuda/cudart_stub.cc:29] Ignore above cudart dlerror if you do not have a GPU set up on your machine.
[2m[36m(Gan pid=2664391)[0m WARNING:tensorflow:No training configuration found in save file, so the model was *not* compiled. Compile it manually.
WARNING:tensorflow:Compiled the loaded model, but the compiled metrics have yet to be built. `model.compile_metrics` will be empty until you train or evaluate the model.
[2m[36m(Gan pid=2664391)[0m WARNING:tensorflow:No training configuration found in save file, so the model was *not* compiled. Compile it manually.
[2m[36m(Gan pid=2664391)[0m /home/aamalan/.local/lib/python3.8/site-packages/keras/optimizer_v2/rmsprop.py:130: UserWarning: The `lr` argument is deprecated, use `learning_rate` instead.
[2m[36m(Gan pid=2664391)[0m   super(RMSprop, self).__init__(name, **kwargs)
WARNING:tensorflow:Compiled the loaded model, but the compiled metrics have yet to be built. `model.compile_metrics` will be empty until you train or evaluate the model.
[2m[36m(Gan pid=2664516)[0m 2022-05-04 13:58:50.351305: W tensorflow/stream_executor/platform/default/dso_loader.cc:64] Could not load dynamic library 'libcuda.so.1'; dlerror: libcuda.so.1: cannot open shared object file: No such file or directory; LD_LIBRARY_PATH: /cm/shared/apps/slurm/current/lib64/slurm:/cm/shared/apps/slurm/current/lib64:/mnt/shared/apps/2022r1/gpu/linux-rhel8-zen/gcc-8.5.0/miniconda3-4.10.3-buki4rdp5gkqcoitw7pwnmyw7xdywhuu/lib
[2m[36m(Gan pid=2664516)[0m 2022-05-04 13:58:50.362988: W tensorflow/stream_executor/cuda/cuda_driver.cc:269] failed call to cuInit: UNKNOWN ERROR (303)
[2m[36m(Gan pid=2664516)[0m 2022-05-04 13:58:50.364034: I tensorflow/stream_executor/cuda/cuda_diagnostics.cc:156] kernel driver does not appear to be running on this host (mem002): /proc/driver/nvidia/version does not exist
[2m[36m(Gan pid=2664516)[0m 2022-05-04 13:58:50.365633: I tensorflow/core/platform/cpu_feature_guard.cc:151] This TensorFlow binary is optimized with oneAPI Deep Neural Network Library (oneDNN) to use the following CPU instructions in performance-critical operations:  AVX2 AVX512F FMA
[2m[36m(Gan pid=2664516)[0m To enable them in other operations, rebuild TensorFlow with the appropriate compiler flags.
[2m[36m(pid=2665104)[0m 2022-05-04 13:58:50.850191: W tensorflow/stream_executor/platform/default/dso_loader.cc:64] Could not load dynamic library 'libcudart.so.11.0'; dlerror: libcudart.so.11.0: cannot open shared object file: No such file or directory; LD_LIBRARY_PATH: /cm/shared/apps/slurm/current/lib64/slurm:/cm/shared/apps/slurm/current/lib64:/mnt/shared/apps/2022r1/gpu/linux-rhel8-zen/gcc-8.5.0/miniconda3-4.10.3-buki4rdp5gkqcoitw7pwnmyw7xdywhuu/lib
[2m[36m(pid=2665104)[0m 2022-05-04 13:58:50.851626: I tensorflow/stream_executor/cuda/cudart_stub.cc:29] Ignore above cudart dlerror if you do not have a GPU set up on your machine.
[2m[36m(Gan pid=2664516)[0m WARNING:tensorflow:No training configuration found in save file, so the model was *not* compiled. Compile it manually.
WARNING:tensorflow:Compiled the loaded model, but the compiled metrics have yet to be built. `model.compile_metrics` will be empty until you train or evaluate the model.
[2m[36m(Gan pid=2664516)[0m WARNING:tensorflow:No training configuration found in save file, so the model was *not* compiled. Compile it manually.
[2m[36m(Gan pid=2664516)[0m /home/aamalan/.local/lib/python3.8/site-packages/keras/optimizer_v2/rmsprop.py:130: UserWarning: The `lr` argument is deprecated, use `learning_rate` instead.
[2m[36m(Gan pid=2664516)[0m   super(RMSprop, self).__init__(name, **kwargs)
WARNING:tensorflow:Compiled the loaded model, but the compiled metrics have yet to be built. `model.compile_metrics` will be empty until you train or evaluate the model.
[2m[36m(Gan pid=2664551)[0m 2022-05-04 13:58:52.933869: W tensorflow/stream_executor/platform/default/dso_loader.cc:64] Could not load dynamic library 'libcuda.so.1'; dlerror: libcuda.so.1: cannot open shared object file: No such file or directory; LD_LIBRARY_PATH: /cm/shared/apps/slurm/current/lib64/slurm:/cm/shared/apps/slurm/current/lib64:/mnt/shared/apps/2022r1/gpu/linux-rhel8-zen/gcc-8.5.0/miniconda3-4.10.3-buki4rdp5gkqcoitw7pwnmyw7xdywhuu/lib
[2m[36m(Gan pid=2664551)[0m 2022-05-04 13:58:52.934482: W tensorflow/stream_executor/cuda/cuda_driver.cc:269] failed call to cuInit: UNKNOWN ERROR (303)
[2m[36m(Gan pid=2664551)[0m 2022-05-04 13:58:52.935183: I tensorflow/stream_executor/cuda/cuda_diagnostics.cc:156] kernel driver does not appear to be running on this host (mem002): /proc/driver/nvidia/version does not exist
[2m[36m(Gan pid=2664551)[0m 2022-05-04 13:58:52.936102: I tensorflow/core/platform/cpu_feature_guard.cc:151] This TensorFlow binary is optimized with oneAPI Deep Neural Network Library (oneDNN) to use the following CPU instructions in performance-critical operations:  AVX2 AVX512F FMA
[2m[36m(Gan pid=2664551)[0m To enable them in other operations, rebuild TensorFlow with the appropriate compiler flags.
WARNING:tensorflow:Compiled the loaded model, but the compiled metrics have yet to be built. `model.compile_metrics` will be empty until you train or evaluate the model.
[2m[36m(Gan pid=2664551)[0m WARNING:tensorflow:No training configuration found in save file, so the model was *not* compiled. Compile it manually.
[2m[36m(pid=2665340)[0m 2022-05-04 13:58:53.556936: W tensorflow/stream_executor/platform/default/dso_loader.cc:64] Could not load dynamic library 'libcudart.so.11.0'; dlerror: libcudart.so.11.0: cannot open shared object file: No such file or directory; LD_LIBRARY_PATH: /cm/shared/apps/slurm/current/lib64/slurm:/cm/shared/apps/slurm/current/lib64:/mnt/shared/apps/2022r1/gpu/linux-rhel8-zen/gcc-8.5.0/miniconda3-4.10.3-buki4rdp5gkqcoitw7pwnmyw7xdywhuu/lib
[2m[36m(pid=2665340)[0m 2022-05-04 13:58:53.557963: I tensorflow/stream_executor/cuda/cudart_stub.cc:29] Ignore above cudart dlerror if you do not have a GPU set up on your machine.
[2m[36m(Gan pid=2664551)[0m WARNING:tensorflow:No training configuration found in save file, so the model was *not* compiled. Compile it manually.
[2m[36m(Gan pid=2664551)[0m /home/aamalan/.local/lib/python3.8/site-packages/keras/optimizer_v2/rmsprop.py:130: UserWarning: The `lr` argument is deprecated, use `learning_rate` instead.
[2m[36m(Gan pid=2664551)[0m   super(RMSprop, self).__init__(name, **kwargs)
WARNING:tensorflow:Compiled the loaded model, but the compiled metrics have yet to be built. `model.compile_metrics` will be empty until you train or evaluate the model.
[2m[36m(Gan pid=2664807)[0m 2022-05-04 13:58:55.224858: W tensorflow/stream_executor/platform/default/dso_loader.cc:64] Could not load dynamic library 'libcuda.so.1'; dlerror: libcuda.so.1: cannot open shared object file: No such file or directory; LD_LIBRARY_PATH: /cm/shared/apps/slurm/current/lib64/slurm:/cm/shared/apps/slurm/current/lib64:/mnt/shared/apps/2022r1/gpu/linux-rhel8-zen/gcc-8.5.0/miniconda3-4.10.3-buki4rdp5gkqcoitw7pwnmyw7xdywhuu/lib
[2m[36m(Gan pid=2664807)[0m 2022-05-04 13:58:55.225823: W tensorflow/stream_executor/cuda/cuda_driver.cc:269] failed call to cuInit: UNKNOWN ERROR (303)
[2m[36m(Gan pid=2664807)[0m 2022-05-04 13:58:55.226642: I tensorflow/stream_executor/cuda/cuda_diagnostics.cc:156] kernel driver does not appear to be running on this host (mem002): /proc/driver/nvidia/version does not exist
[2m[36m(Gan pid=2664807)[0m 2022-05-04 13:58:55.227623: I tensorflow/core/platform/cpu_feature_guard.cc:151] This TensorFlow binary is optimized with oneAPI Deep Neural Network Library (oneDNN) to use the following CPU instructions in performance-critical operations:  AVX2 AVX512F FMA
[2m[36m(Gan pid=2664807)[0m To enable them in other operations, rebuild TensorFlow with the appropriate compiler flags.
WARNING:tensorflow:Compiled the loaded model, but the compiled metrics have yet to be built. `model.compile_metrics` will be empty until you train or evaluate the model.
[2m[36m(Gan pid=2664807)[0m WARNING:tensorflow:No training configuration found in save file, so the model was *not* compiled. Compile it manually.
[2m[36m(pid=2665572)[0m 2022-05-04 13:58:55.847801: W tensorflow/stream_executor/platform/default/dso_loader.cc:64] Could not load dynamic library 'libcudart.so.11.0'; dlerror: libcudart.so.11.0: cannot open shared object file: No such file or directory; LD_LIBRARY_PATH: /cm/shared/apps/slurm/current/lib64/slurm:/cm/shared/apps/slurm/current/lib64:/mnt/shared/apps/2022r1/gpu/linux-rhel8-zen/gcc-8.5.0/miniconda3-4.10.3-buki4rdp5gkqcoitw7pwnmyw7xdywhuu/lib
[2m[36m(pid=2665572)[0m 2022-05-04 13:58:55.849220: I tensorflow/stream_executor/cuda/cudart_stub.cc:29] Ignore above cudart dlerror if you do not have a GPU set up on your machine.
[2m[36m(Gan pid=2664807)[0m WARNING:tensorflow:No training configuration found in save file, so the model was *not* compiled. Compile it manually.
[2m[36m(Gan pid=2664807)[0m /home/aamalan/.local/lib/python3.8/site-packages/keras/optimizer_v2/rmsprop.py:130: UserWarning: The `lr` argument is deprecated, use `learning_rate` instead.
[2m[36m(Gan pid=2664807)[0m   super(RMSprop, self).__init__(name, **kwargs)
WARNING:tensorflow:Compiled the loaded model, but the compiled metrics have yet to be built. `model.compile_metrics` will be empty until you train or evaluate the model.
WARNING:tensorflow:Compiled the loaded model, but the compiled metrics have yet to be built. `model.compile_metrics` will be empty until you train or evaluate the model.
[2m[36m(Gan pid=2665104)[0m 2022-05-04 13:58:57.621025: W tensorflow/stream_executor/platform/default/dso_loader.cc:64] Could not load dynamic library 'libcuda.so.1'; dlerror: libcuda.so.1: cannot open shared object file: No such file or directory; LD_LIBRARY_PATH: /cm/shared/apps/slurm/current/lib64/slurm:/cm/shared/apps/slurm/current/lib64:/mnt/shared/apps/2022r1/gpu/linux-rhel8-zen/gcc-8.5.0/miniconda3-4.10.3-buki4rdp5gkqcoitw7pwnmyw7xdywhuu/lib
[2m[36m(Gan pid=2665104)[0m 2022-05-04 13:58:57.621834: W tensorflow/stream_executor/cuda/cuda_driver.cc:269] failed call to cuInit: UNKNOWN ERROR (303)
[2m[36m(Gan pid=2665104)[0m 2022-05-04 13:58:57.622568: I tensorflow/stream_executor/cuda/cuda_diagnostics.cc:156] kernel driver does not appear to be running on this host (mem002): /proc/driver/nvidia/version does not exist
[2m[36m(Gan pid=2665104)[0m 2022-05-04 13:58:57.623832: I tensorflow/core/platform/cpu_feature_guard.cc:151] This TensorFlow binary is optimized with oneAPI Deep Neural Network Library (oneDNN) to use the following CPU instructions in performance-critical operations:  AVX2 AVX512F FMA
[2m[36m(Gan pid=2665104)[0m To enable them in other operations, rebuild TensorFlow with the appropriate compiler flags.
[2m[36m(Gan pid=2665104)[0m WARNING:tensorflow:No training configuration found in save file, so the model was *not* compiled. Compile it manually.
[2m[36m(pid=2665830)[0m 2022-05-04 13:58:58.228334: W tensorflow/stream_executor/platform/default/dso_loader.cc:64] Could not load dynamic library 'libcudart.so.11.0'; dlerror: libcudart.so.11.0: cannot open shared object file: No such file or directory; LD_LIBRARY_PATH: /cm/shared/apps/slurm/current/lib64/slurm:/cm/shared/apps/slurm/current/lib64:/mnt/shared/apps/2022r1/gpu/linux-rhel8-zen/gcc-8.5.0/miniconda3-4.10.3-buki4rdp5gkqcoitw7pwnmyw7xdywhuu/lib
[2m[36m(pid=2665830)[0m 2022-05-04 13:58:58.229902: I tensorflow/stream_executor/cuda/cudart_stub.cc:29] Ignore above cudart dlerror if you do not have a GPU set up on your machine.
[2m[36m(Gan pid=2665104)[0m WARNING:tensorflow:No training configuration found in save file, so the model was *not* compiled. Compile it manually.
[2m[36m(Gan pid=2665104)[0m /home/aamalan/.local/lib/python3.8/site-packages/keras/optimizer_v2/rmsprop.py:130: UserWarning: The `lr` argument is deprecated, use `learning_rate` instead.
[2m[36m(Gan pid=2665104)[0m   super(RMSprop, self).__init__(name, **kwargs)
WARNING:tensorflow:Compiled the loaded model, but the compiled metrics have yet to be built. `model.compile_metrics` will be empty until you train or evaluate the model.
WARNING:tensorflow:Compiled the loaded model, but the compiled metrics have yet to be built. `model.compile_metrics` will be empty until you train or evaluate the model.
[2m[36m(pid=2666072)[0m 2022-05-04 13:59:00.668158: W tensorflow/stream_executor/platform/default/dso_loader.cc:64] Could not load dynamic library 'libcudart.so.11.0'; dlerror: libcudart.so.11.0: cannot open shared object file: No such file or directory; LD_LIBRARY_PATH: /cm/shared/apps/slurm/current/lib64/slurm:/cm/shared/apps/slurm/current/lib64:/mnt/shared/apps/2022r1/gpu/linux-rhel8-zen/gcc-8.5.0/miniconda3-4.10.3-buki4rdp5gkqcoitw7pwnmyw7xdywhuu/lib
[2m[36m(pid=2666072)[0m 2022-05-04 13:59:00.669507: I tensorflow/stream_executor/cuda/cudart_stub.cc:29] Ignore above cudart dlerror if you do not have a GPU set up on your machine.
[2m[36m(Gan pid=2665340)[0m 2022-05-04 13:59:00.725518: W tensorflow/stream_executor/platform/default/dso_loader.cc:64] Could not load dynamic library 'libcuda.so.1'; dlerror: libcuda.so.1: cannot open shared object file: No such file or directory; LD_LIBRARY_PATH: /cm/shared/apps/slurm/current/lib64/slurm:/cm/shared/apps/slurm/current/lib64:/mnt/shared/apps/2022r1/gpu/linux-rhel8-zen/gcc-8.5.0/miniconda3-4.10.3-buki4rdp5gkqcoitw7pwnmyw7xdywhuu/lib
[2m[36m(Gan pid=2665340)[0m 2022-05-04 13:59:00.726250: W tensorflow/stream_executor/cuda/cuda_driver.cc:269] failed call to cuInit: UNKNOWN ERROR (303)
[2m[36m(Gan pid=2665340)[0m 2022-05-04 13:59:00.727126: I tensorflow/stream_executor/cuda/cuda_diagnostics.cc:156] kernel driver does not appear to be running on this host (mem002): /proc/driver/nvidia/version does not exist
[2m[36m(Gan pid=2665340)[0m 2022-05-04 13:59:00.728954: I tensorflow/core/platform/cpu_feature_guard.cc:151] This TensorFlow binary is optimized with oneAPI Deep Neural Network Library (oneDNN) to use the following CPU instructions in performance-critical operations:  AVX2 AVX512F FMA
[2m[36m(Gan pid=2665340)[0m To enable them in other operations, rebuild TensorFlow with the appropriate compiler flags.
WARNING:tensorflow:Compiled the loaded model, but the compiled metrics have yet to be built. `model.compile_metrics` will be empty until you train or evaluate the model.
[2m[36m(Gan pid=2665340)[0m WARNING:tensorflow:No training configuration found in save file, so the model was *not* compiled. Compile it manually.
[2m[36m(Gan pid=2665340)[0m WARNING:tensorflow:No training configuration found in save file, so the model was *not* compiled. Compile it manually.
[2m[36m(Gan pid=2665340)[0m /home/aamalan/.local/lib/python3.8/site-packages/keras/optimizer_v2/rmsprop.py:130: UserWarning: The `lr` argument is deprecated, use `learning_rate` instead.
[2m[36m(Gan pid=2665340)[0m   super(RMSprop, self).__init__(name, **kwargs)
WARNING:tensorflow:Compiled the loaded model, but the compiled metrics have yet to be built. `model.compile_metrics` will be empty until you train or evaluate the model.
[2m[36m(Gan pid=2665572)[0m 2022-05-04 13:59:02.837698: W tensorflow/stream_executor/platform/default/dso_loader.cc:64] Could not load dynamic library 'libcuda.so.1'; dlerror: libcuda.so.1: cannot open shared object file: No such file or directory; LD_LIBRARY_PATH: /cm/shared/apps/slurm/current/lib64/slurm:/cm/shared/apps/slurm/current/lib64:/mnt/shared/apps/2022r1/gpu/linux-rhel8-zen/gcc-8.5.0/miniconda3-4.10.3-buki4rdp5gkqcoitw7pwnmyw7xdywhuu/lib
[2m[36m(Gan pid=2665572)[0m 2022-05-04 13:59:02.841202: W tensorflow/stream_executor/cuda/cuda_driver.cc:269] failed call to cuInit: UNKNOWN ERROR (303)
[2m[36m(Gan pid=2665572)[0m 2022-05-04 13:59:02.842486: I tensorflow/stream_executor/cuda/cuda_diagnostics.cc:156] kernel driver does not appear to be running on this host (mem002): /proc/driver/nvidia/version does not exist
[2m[36m(Gan pid=2665572)[0m 2022-05-04 13:59:02.844140: I tensorflow/core/platform/cpu_feature_guard.cc:151] This TensorFlow binary is optimized with oneAPI Deep Neural Network Library (oneDNN) to use the following CPU instructions in performance-critical operations:  AVX2 AVX512F FMA
[2m[36m(Gan pid=2665572)[0m To enable them in other operations, rebuild TensorFlow with the appropriate compiler flags.
[2m[36m(pid=2666318)[0m 2022-05-04 13:59:02.951682: W tensorflow/stream_executor/platform/default/dso_loader.cc:64] Could not load dynamic library 'libcudart.so.11.0'; dlerror: libcudart.so.11.0: cannot open shared object file: No such file or directory; LD_LIBRARY_PATH: /cm/shared/apps/slurm/current/lib64/slurm:/cm/shared/apps/slurm/current/lib64:/mnt/shared/apps/2022r1/gpu/linux-rhel8-zen/gcc-8.5.0/miniconda3-4.10.3-buki4rdp5gkqcoitw7pwnmyw7xdywhuu/lib
[2m[36m(pid=2666318)[0m 2022-05-04 13:59:02.953027: I tensorflow/stream_executor/cuda/cudart_stub.cc:29] Ignore above cudart dlerror if you do not have a GPU set up on your machine.
[2m[36m(Gan pid=2665572)[0m WARNING:tensorflow:No training configuration found in save file, so the model was *not* compiled. Compile it manually.
WARNING:tensorflow:Compiled the loaded model, but the compiled metrics have yet to be built. `model.compile_metrics` will be empty until you train or evaluate the model.
[2m[36m(Gan pid=2665572)[0m WARNING:tensorflow:No training configuration found in save file, so the model was *not* compiled. Compile it manually.
[2m[36m(Gan pid=2665572)[0m /home/aamalan/.local/lib/python3.8/site-packages/keras/optimizer_v2/rmsprop.py:130: UserWarning: The `lr` argument is deprecated, use `learning_rate` instead.
[2m[36m(Gan pid=2665572)[0m   super(RMSprop, self).__init__(name, **kwargs)
WARNING:tensorflow:Compiled the loaded model, but the compiled metrics have yet to be built. `model.compile_metrics` will be empty until you train or evaluate the model.
[2m[36m(Gan pid=2665830)[0m 2022-05-04 13:59:05.171012: W tensorflow/stream_executor/platform/default/dso_loader.cc:64] Could not load dynamic library 'libcuda.so.1'; dlerror: libcuda.so.1: cannot open shared object file: No such file or directory; LD_LIBRARY_PATH: /cm/shared/apps/slurm/current/lib64/slurm:/cm/shared/apps/slurm/current/lib64:/mnt/shared/apps/2022r1/gpu/linux-rhel8-zen/gcc-8.5.0/miniconda3-4.10.3-buki4rdp5gkqcoitw7pwnmyw7xdywhuu/lib
[2m[36m(Gan pid=2665830)[0m 2022-05-04 13:59:05.171849: W tensorflow/stream_executor/cuda/cuda_driver.cc:269] failed call to cuInit: UNKNOWN ERROR (303)
[2m[36m(Gan pid=2665830)[0m 2022-05-04 13:59:05.172624: I tensorflow/stream_executor/cuda/cuda_diagnostics.cc:156] kernel driver does not appear to be running on this host (mem002): /proc/driver/nvidia/version does not exist
[2m[36m(Gan pid=2665830)[0m 2022-05-04 13:59:05.173831: I tensorflow/core/platform/cpu_feature_guard.cc:151] This TensorFlow binary is optimized with oneAPI Deep Neural Network Library (oneDNN) to use the following CPU instructions in performance-critical operations:  AVX2 AVX512F FMA
[2m[36m(Gan pid=2665830)[0m To enable them in other operations, rebuild TensorFlow with the appropriate compiler flags.
[2m[36m(pid=2666532)[0m 2022-05-04 13:59:05.166674: W tensorflow/stream_executor/platform/default/dso_loader.cc:64] Could not load dynamic library 'libcudart.so.11.0'; dlerror: libcudart.so.11.0: cannot open shared object file: No such file or directory; LD_LIBRARY_PATH: /cm/shared/apps/slurm/current/lib64/slurm:/cm/shared/apps/slurm/current/lib64:/mnt/shared/apps/2022r1/gpu/linux-rhel8-zen/gcc-8.5.0/miniconda3-4.10.3-buki4rdp5gkqcoitw7pwnmyw7xdywhuu/lib
[2m[36m(pid=2666532)[0m 2022-05-04 13:59:05.167772: I tensorflow/stream_executor/cuda/cudart_stub.cc:29] Ignore above cudart dlerror if you do not have a GPU set up on your machine.
[2m[36m(Gan pid=2665830)[0m WARNING:tensorflow:No training configuration found in save file, so the model was *not* compiled. Compile it manually.
WARNING:tensorflow:Compiled the loaded model, but the compiled metrics have yet to be built. `model.compile_metrics` will be empty until you train or evaluate the model.
[2m[36m(Gan pid=2665830)[0m WARNING:tensorflow:No training configuration found in save file, so the model was *not* compiled. Compile it manually.
[2m[36m(Gan pid=2665830)[0m /home/aamalan/.local/lib/python3.8/site-packages/keras/optimizer_v2/rmsprop.py:130: UserWarning: The `lr` argument is deprecated, use `learning_rate` instead.
[2m[36m(Gan pid=2665830)[0m   super(RMSprop, self).__init__(name, **kwargs)
[2m[36m(Gan pid=2666072)[0m 2022-05-04 13:59:07.404845: W tensorflow/stream_executor/platform/default/dso_loader.cc:64] Could not load dynamic library 'libcuda.so.1'; dlerror: libcuda.so.1: cannot open shared object file: No such file or directory; LD_LIBRARY_PATH: /cm/shared/apps/slurm/current/lib64/slurm:/cm/shared/apps/slurm/current/lib64:/mnt/shared/apps/2022r1/gpu/linux-rhel8-zen/gcc-8.5.0/miniconda3-4.10.3-buki4rdp5gkqcoitw7pwnmyw7xdywhuu/lib
[2m[36m(Gan pid=2666072)[0m 2022-05-04 13:59:07.405576: W tensorflow/stream_executor/cuda/cuda_driver.cc:269] failed call to cuInit: UNKNOWN ERROR (303)
[2m[36m(Gan pid=2666072)[0m 2022-05-04 13:59:07.406500: I tensorflow/stream_executor/cuda/cuda_diagnostics.cc:156] kernel driver does not appear to be running on this host (mem002): /proc/driver/nvidia/version does not exist
[2m[36m(Gan pid=2666072)[0m 2022-05-04 13:59:07.407420: I tensorflow/core/platform/cpu_feature_guard.cc:151] This TensorFlow binary is optimized with oneAPI Deep Neural Network Library (oneDNN) to use the following CPU instructions in performance-critical operations:  AVX2 AVX512F FMA
[2m[36m(Gan pid=2666072)[0m To enable them in other operations, rebuild TensorFlow with the appropriate compiler flags.
WARNING:tensorflow:Compiled the loaded model, but the compiled metrics have yet to be built. `model.compile_metrics` will be empty until you train or evaluate the model.
[2m[36m(Gan pid=2666072)[0m WARNING:tensorflow:No training configuration found in save file, so the model was *not* compiled. Compile it manually.
[2m[36m(pid=2666818)[0m 2022-05-04 13:59:08.100805: W tensorflow/stream_executor/platform/default/dso_loader.cc:64] Could not load dynamic library 'libcudart.so.11.0'; dlerror: libcudart.so.11.0: cannot open shared object file: No such file or directory; LD_LIBRARY_PATH: /cm/shared/apps/slurm/current/lib64/slurm:/cm/shared/apps/slurm/current/lib64:/mnt/shared/apps/2022r1/gpu/linux-rhel8-zen/gcc-8.5.0/miniconda3-4.10.3-buki4rdp5gkqcoitw7pwnmyw7xdywhuu/lib
[2m[36m(pid=2666818)[0m 2022-05-04 13:59:08.102549: I tensorflow/stream_executor/cuda/cudart_stub.cc:29] Ignore above cudart dlerror if you do not have a GPU set up on your machine.
WARNING:tensorflow:Compiled the loaded model, but the compiled metrics have yet to be built. `model.compile_metrics` will be empty until you train or evaluate the model.
[2m[36m(Gan pid=2666072)[0m WARNING:tensorflow:No training configuration found in save file, so the model was *not* compiled. Compile it manually.
[2m[36m(Gan pid=2666072)[0m /home/aamalan/.local/lib/python3.8/site-packages/keras/optimizer_v2/rmsprop.py:130: UserWarning: The `lr` argument is deprecated, use `learning_rate` instead.
[2m[36m(Gan pid=2666072)[0m   super(RMSprop, self).__init__(name, **kwargs)
[2m[36m(pid=2667073)[0m 2022-05-04 13:59:09.664633: W tensorflow/stream_executor/platform/default/dso_loader.cc:64] Could not load dynamic library 'libcudart.so.11.0'; dlerror: libcudart.so.11.0: cannot open shared object file: No such file or directory; LD_LIBRARY_PATH: /cm/shared/apps/slurm/current/lib64/slurm:/cm/shared/apps/slurm/current/lib64:/mnt/shared/apps/2022r1/gpu/linux-rhel8-zen/gcc-8.5.0/miniconda3-4.10.3-buki4rdp5gkqcoitw7pwnmyw7xdywhuu/lib
[2m[36m(pid=2667073)[0m 2022-05-04 13:59:09.665979: I tensorflow/stream_executor/cuda/cudart_stub.cc:29] Ignore above cudart dlerror if you do not have a GPU set up on your machine.
WARNING:tensorflow:Compiled the loaded model, but the compiled metrics have yet to be built. `model.compile_metrics` will be empty until you train or evaluate the model.
[2m[36m(Gan pid=2666318)[0m 2022-05-04 13:59:09.905814: W tensorflow/stream_executor/platform/default/dso_loader.cc:64] Could not load dynamic library 'libcuda.so.1'; dlerror: libcuda.so.1: cannot open shared object file: No such file or directory; LD_LIBRARY_PATH: /cm/shared/apps/slurm/current/lib64/slurm:/cm/shared/apps/slurm/current/lib64:/mnt/shared/apps/2022r1/gpu/linux-rhel8-zen/gcc-8.5.0/miniconda3-4.10.3-buki4rdp5gkqcoitw7pwnmyw7xdywhuu/lib
[2m[36m(Gan pid=2666318)[0m 2022-05-04 13:59:09.906586: W tensorflow/stream_executor/cuda/cuda_driver.cc:269] failed call to cuInit: UNKNOWN ERROR (303)
[2m[36m(Gan pid=2666318)[0m 2022-05-04 13:59:09.907422: I tensorflow/stream_executor/cuda/cuda_diagnostics.cc:156] kernel driver does not appear to be running on this host (mem002): /proc/driver/nvidia/version does not exist
[2m[36m(Gan pid=2666318)[0m 2022-05-04 13:59:09.908426: I tensorflow/core/platform/cpu_feature_guard.cc:151] This TensorFlow binary is optimized with oneAPI Deep Neural Network Library (oneDNN) to use the following CPU instructions in performance-critical operations:  AVX2 AVX512F FMA
[2m[36m(Gan pid=2666318)[0m To enable them in other operations, rebuild TensorFlow with the appropriate compiler flags.
[2m[36m(Gan pid=2666318)[0m WARNING:tensorflow:No training configuration found in save file, so the model was *not* compiled. Compile it manually.
WARNING:tensorflow:Compiled the loaded model, but the compiled metrics have yet to be built. `model.compile_metrics` will be empty until you train or evaluate the model.
[2m[36m(Gan pid=2666318)[0m WARNING:tensorflow:No training configuration found in save file, so the model was *not* compiled. Compile it manually.
[2m[36m(Gan pid=2666318)[0m /home/aamalan/.local/lib/python3.8/site-packages/keras/optimizer_v2/rmsprop.py:130: UserWarning: The `lr` argument is deprecated, use `learning_rate` instead.
[2m[36m(Gan pid=2666318)[0m   super(RMSprop, self).__init__(name, **kwargs)
WARNING:tensorflow:Compiled the loaded model, but the compiled metrics have yet to be built. `model.compile_metrics` will be empty until you train or evaluate the model.
[2m[36m(Gan pid=2666532)[0m 2022-05-04 13:59:12.441169: W tensorflow/stream_executor/platform/default/dso_loader.cc:64] Could not load dynamic library 'libcuda.so.1'; dlerror: libcuda.so.1: cannot open shared object file: No such file or directory; LD_LIBRARY_PATH: /cm/shared/apps/slurm/current/lib64/slurm:/cm/shared/apps/slurm/current/lib64:/mnt/shared/apps/2022r1/gpu/linux-rhel8-zen/gcc-8.5.0/miniconda3-4.10.3-buki4rdp5gkqcoitw7pwnmyw7xdywhuu/lib
[2m[36m(Gan pid=2666532)[0m 2022-05-04 13:59:12.444972: W tensorflow/stream_executor/cuda/cuda_driver.cc:269] failed call to cuInit: UNKNOWN ERROR (303)
[2m[36m(Gan pid=2666532)[0m 2022-05-04 13:59:12.446103: I tensorflow/stream_executor/cuda/cuda_diagnostics.cc:156] kernel driver does not appear to be running on this host (mem002): /proc/driver/nvidia/version does not exist
[2m[36m(Gan pid=2666532)[0m 2022-05-04 13:59:12.447424: I tensorflow/core/platform/cpu_feature_guard.cc:151] This TensorFlow binary is optimized with oneAPI Deep Neural Network Library (oneDNN) to use the following CPU instructions in performance-critical operations:  AVX2 AVX512F FMA
[2m[36m(Gan pid=2666532)[0m To enable them in other operations, rebuild TensorFlow with the appropriate compiler flags.
[2m[36m(pid=2667362)[0m 2022-05-04 13:59:12.492980: W tensorflow/stream_executor/platform/default/dso_loader.cc:64] Could not load dynamic library 'libcudart.so.11.0'; dlerror: libcudart.so.11.0: cannot open shared object file: No such file or directory; LD_LIBRARY_PATH: /cm/shared/apps/slurm/current/lib64/slurm:/cm/shared/apps/slurm/current/lib64:/mnt/shared/apps/2022r1/gpu/linux-rhel8-zen/gcc-8.5.0/miniconda3-4.10.3-buki4rdp5gkqcoitw7pwnmyw7xdywhuu/lib
[2m[36m(pid=2667362)[0m 2022-05-04 13:59:12.494257: I tensorflow/stream_executor/cuda/cudart_stub.cc:29] Ignore above cudart dlerror if you do not have a GPU set up on your machine.
[2m[36m(Gan pid=2666532)[0m WARNING:tensorflow:No training configuration found in save file, so the model was *not* compiled. Compile it manually.
WARNING:tensorflow:Compiled the loaded model, but the compiled metrics have yet to be built. `model.compile_metrics` will be empty until you train or evaluate the model.
[2m[36m(Gan pid=2666532)[0m WARNING:tensorflow:No training configuration found in save file, so the model was *not* compiled. Compile it manually.
[2m[36m(Gan pid=2666532)[0m /home/aamalan/.local/lib/python3.8/site-packages/keras/optimizer_v2/rmsprop.py:130: UserWarning: The `lr` argument is deprecated, use `learning_rate` instead.
[2m[36m(Gan pid=2666532)[0m   super(RMSprop, self).__init__(name, **kwargs)
WARNING:tensorflow:Compiled the loaded model, but the compiled metrics have yet to be built. `model.compile_metrics` will be empty until you train or evaluate the model.
[2m[36m(Gan pid=2666818)[0m 2022-05-04 13:59:14.617230: W tensorflow/stream_executor/platform/default/dso_loader.cc:64] Could not load dynamic library 'libcuda.so.1'; dlerror: libcuda.so.1: cannot open shared object file: No such file or directory; LD_LIBRARY_PATH: /cm/shared/apps/slurm/current/lib64/slurm:/cm/shared/apps/slurm/current/lib64:/mnt/shared/apps/2022r1/gpu/linux-rhel8-zen/gcc-8.5.0/miniconda3-4.10.3-buki4rdp5gkqcoitw7pwnmyw7xdywhuu/lib
[2m[36m(Gan pid=2666818)[0m 2022-05-04 13:59:14.617910: W tensorflow/stream_executor/cuda/cuda_driver.cc:269] failed call to cuInit: UNKNOWN ERROR (303)
[2m[36m(Gan pid=2666818)[0m 2022-05-04 13:59:14.618470: I tensorflow/stream_executor/cuda/cuda_diagnostics.cc:156] kernel driver does not appear to be running on this host (mem002): /proc/driver/nvidia/version does not exist
[2m[36m(Gan pid=2666818)[0m 2022-05-04 13:59:14.619329: I tensorflow/core/platform/cpu_feature_guard.cc:151] This TensorFlow binary is optimized with oneAPI Deep Neural Network Library (oneDNN) to use the following CPU instructions in performance-critical operations:  AVX2 AVX512F FMA
[2m[36m(Gan pid=2666818)[0m To enable them in other operations, rebuild TensorFlow with the appropriate compiler flags.
[2m[36m(Gan pid=2666818)[0m WARNING:tensorflow:No training configuration found in save file, so the model was *not* compiled. Compile it manually.
WARNING:tensorflow:Compiled the loaded model, but the compiled metrics have yet to be built. `model.compile_metrics` will be empty until you train or evaluate the model.
[2m[36m(pid=2667616)[0m 2022-05-04 13:59:15.524221: W tensorflow/stream_executor/platform/default/dso_loader.cc:64] Could not load dynamic library 'libcudart.so.11.0'; dlerror: libcudart.so.11.0: cannot open shared object file: No such file or directory; LD_LIBRARY_PATH: /cm/shared/apps/slurm/current/lib64/slurm:/cm/shared/apps/slurm/current/lib64:/mnt/shared/apps/2022r1/gpu/linux-rhel8-zen/gcc-8.5.0/miniconda3-4.10.3-buki4rdp5gkqcoitw7pwnmyw7xdywhuu/lib
[2m[36m(pid=2667616)[0m 2022-05-04 13:59:15.525492: I tensorflow/stream_executor/cuda/cudart_stub.cc:29] Ignore above cudart dlerror if you do not have a GPU set up on your machine.
[2m[36m(Gan pid=2666818)[0m WARNING:tensorflow:No training configuration found in save file, so the model was *not* compiled. Compile it manually.
[2m[36m(Gan pid=2666818)[0m /home/aamalan/.local/lib/python3.8/site-packages/keras/optimizer_v2/rmsprop.py:130: UserWarning: The `lr` argument is deprecated, use `learning_rate` instead.
[2m[36m(Gan pid=2666818)[0m   super(RMSprop, self).__init__(name, **kwargs)
[2m[36m(pid=2667791)[0m 2022-05-04 13:59:16.136809: W tensorflow/stream_executor/platform/default/dso_loader.cc:64] Could not load dynamic library 'libcudart.so.11.0'; dlerror: libcudart.so.11.0: cannot open shared object file: No such file or directory; LD_LIBRARY_PATH: /cm/shared/apps/slurm/current/lib64/slurm:/cm/shared/apps/slurm/current/lib64:/mnt/shared/apps/2022r1/gpu/linux-rhel8-zen/gcc-8.5.0/miniconda3-4.10.3-buki4rdp5gkqcoitw7pwnmyw7xdywhuu/lib
[2m[36m(pid=2667791)[0m 2022-05-04 13:59:16.138037: I tensorflow/stream_executor/cuda/cudart_stub.cc:29] Ignore above cudart dlerror if you do not have a GPU set up on your machine.
[2m[36m(Gan pid=2667073)[0m 2022-05-04 13:59:16.217607: W tensorflow/stream_executor/platform/default/dso_loader.cc:64] Could not load dynamic library 'libcuda.so.1'; dlerror: libcuda.so.1: cannot open shared object file: No such file or directory; LD_LIBRARY_PATH: /cm/shared/apps/slurm/current/lib64/slurm:/cm/shared/apps/slurm/current/lib64:/mnt/shared/apps/2022r1/gpu/linux-rhel8-zen/gcc-8.5.0/miniconda3-4.10.3-buki4rdp5gkqcoitw7pwnmyw7xdywhuu/lib
[2m[36m(Gan pid=2667073)[0m 2022-05-04 13:59:16.218540: W tensorflow/stream_executor/cuda/cuda_driver.cc:269] failed call to cuInit: UNKNOWN ERROR (303)
[2m[36m(Gan pid=2667073)[0m 2022-05-04 13:59:16.219236: I tensorflow/stream_executor/cuda/cuda_diagnostics.cc:156] kernel driver does not appear to be running on this host (mem002): /proc/driver/nvidia/version does not exist
[2m[36m(Gan pid=2667073)[0m 2022-05-04 13:59:16.220424: I tensorflow/core/platform/cpu_feature_guard.cc:151] This TensorFlow binary is optimized with oneAPI Deep Neural Network Library (oneDNN) to use the following CPU instructions in performance-critical operations:  AVX2 AVX512F FMA
[2m[36m(Gan pid=2667073)[0m To enable them in other operations, rebuild TensorFlow with the appropriate compiler flags.
[2m[36m(Gan pid=2667073)[0m WARNING:tensorflow:No training configuration found in save file, so the model was *not* compiled. Compile it manually.
WARNING:tensorflow:Compiled the loaded model, but the compiled metrics have yet to be built. `model.compile_metrics` will be empty until you train or evaluate the model.
[2m[36m(Gan pid=2667073)[0m WARNING:tensorflow:No training configuration found in save file, so the model was *not* compiled. Compile it manually.
[2m[36m(Gan pid=2667073)[0m /home/aamalan/.local/lib/python3.8/site-packages/keras/optimizer_v2/rmsprop.py:130: UserWarning: The `lr` argument is deprecated, use `learning_rate` instead.
[2m[36m(Gan pid=2667073)[0m   super(RMSprop, self).__init__(name, **kwargs)
WARNING:tensorflow:Compiled the loaded model, but the compiled metrics have yet to be built. `model.compile_metrics` will be empty until you train or evaluate the model.
[2m[36m(Gan pid=2667362)[0m 2022-05-04 13:59:18.877718: W tensorflow/stream_executor/platform/default/dso_loader.cc:64] Could not load dynamic library 'libcuda.so.1'; dlerror: libcuda.so.1: cannot open shared object file: No such file or directory; LD_LIBRARY_PATH: /cm/shared/apps/slurm/current/lib64/slurm:/cm/shared/apps/slurm/current/lib64:/mnt/shared/apps/2022r1/gpu/linux-rhel8-zen/gcc-8.5.0/miniconda3-4.10.3-buki4rdp5gkqcoitw7pwnmyw7xdywhuu/lib
[2m[36m(Gan pid=2667362)[0m 2022-05-04 13:59:18.878722: W tensorflow/stream_executor/cuda/cuda_driver.cc:269] failed call to cuInit: UNKNOWN ERROR (303)
[2m[36m(Gan pid=2667362)[0m 2022-05-04 13:59:18.879436: I tensorflow/stream_executor/cuda/cuda_diagnostics.cc:156] kernel driver does not appear to be running on this host (mem002): /proc/driver/nvidia/version does not exist
[2m[36m(Gan pid=2667362)[0m 2022-05-04 13:59:18.880279: I tensorflow/core/platform/cpu_feature_guard.cc:151] This TensorFlow binary is optimized with oneAPI Deep Neural Network Library (oneDNN) to use the following CPU instructions in performance-critical operations:  AVX2 AVX512F FMA
[2m[36m(Gan pid=2667362)[0m To enable them in other operations, rebuild TensorFlow with the appropriate compiler flags.
[2m[36m(pid=2668117)[0m 2022-05-04 13:59:18.834366: W tensorflow/stream_executor/platform/default/dso_loader.cc:64] Could not load dynamic library 'libcudart.so.11.0'; dlerror: libcudart.so.11.0: cannot open shared object file: No such file or directory; LD_LIBRARY_PATH: /cm/shared/apps/slurm/current/lib64/slurm:/cm/shared/apps/slurm/current/lib64:/mnt/shared/apps/2022r1/gpu/linux-rhel8-zen/gcc-8.5.0/miniconda3-4.10.3-buki4rdp5gkqcoitw7pwnmyw7xdywhuu/lib
[2m[36m(pid=2668117)[0m 2022-05-04 13:59:18.835503: I tensorflow/stream_executor/cuda/cudart_stub.cc:29] Ignore above cudart dlerror if you do not have a GPU set up on your machine.
WARNING:tensorflow:Compiled the loaded model, but the compiled metrics have yet to be built. `model.compile_metrics` will be empty until you train or evaluate the model.
[2m[36m(Gan pid=2667362)[0m WARNING:tensorflow:No training configuration found in save file, so the model was *not* compiled. Compile it manually.
[2m[36m(Gan pid=2667362)[0m WARNING:tensorflow:No training configuration found in save file, so the model was *not* compiled. Compile it manually.
[2m[36m(Gan pid=2667362)[0m /home/aamalan/.local/lib/python3.8/site-packages/keras/optimizer_v2/rmsprop.py:130: UserWarning: The `lr` argument is deprecated, use `learning_rate` instead.
[2m[36m(Gan pid=2667362)[0m   super(RMSprop, self).__init__(name, **kwargs)
WARNING:tensorflow:Compiled the loaded model, but the compiled metrics have yet to be built. `model.compile_metrics` will be empty until you train or evaluate the model.
[2m[36m(pid=2668379)[0m 2022-05-04 13:59:21.750683: W tensorflow/stream_executor/platform/default/dso_loader.cc:64] Could not load dynamic library 'libcudart.so.11.0'; dlerror: libcudart.so.11.0: cannot open shared object file: No such file or directory; LD_LIBRARY_PATH: /cm/shared/apps/slurm/current/lib64/slurm:/cm/shared/apps/slurm/current/lib64:/mnt/shared/apps/2022r1/gpu/linux-rhel8-zen/gcc-8.5.0/miniconda3-4.10.3-buki4rdp5gkqcoitw7pwnmyw7xdywhuu/lib
[2m[36m(pid=2668379)[0m 2022-05-04 13:59:21.751822: I tensorflow/stream_executor/cuda/cudart_stub.cc:29] Ignore above cudart dlerror if you do not have a GPU set up on your machine.
WARNING:tensorflow:Compiled the loaded model, but the compiled metrics have yet to be built. `model.compile_metrics` will be empty until you train or evaluate the model.
[2m[36m(Gan pid=2667616)[0m 2022-05-04 13:59:22.683347: W tensorflow/stream_executor/platform/default/dso_loader.cc:64] Could not load dynamic library 'libcuda.so.1'; dlerror: libcuda.so.1: cannot open shared object file: No such file or directory; LD_LIBRARY_PATH: /cm/shared/apps/slurm/current/lib64/slurm:/cm/shared/apps/slurm/current/lib64:/mnt/shared/apps/2022r1/gpu/linux-rhel8-zen/gcc-8.5.0/miniconda3-4.10.3-buki4rdp5gkqcoitw7pwnmyw7xdywhuu/lib
[2m[36m(Gan pid=2667616)[0m 2022-05-04 13:59:22.684189: W tensorflow/stream_executor/cuda/cuda_driver.cc:269] failed call to cuInit: UNKNOWN ERROR (303)
[2m[36m(Gan pid=2667616)[0m 2022-05-04 13:59:22.684705: I tensorflow/stream_executor/cuda/cuda_diagnostics.cc:156] kernel driver does not appear to be running on this host (mem002): /proc/driver/nvidia/version does not exist
[2m[36m(Gan pid=2667616)[0m 2022-05-04 13:59:22.685779: I tensorflow/core/platform/cpu_feature_guard.cc:151] This TensorFlow binary is optimized with oneAPI Deep Neural Network Library (oneDNN) to use the following CPU instructions in performance-critical operations:  AVX2 AVX512F FMA
[2m[36m(Gan pid=2667616)[0m To enable them in other operations, rebuild TensorFlow with the appropriate compiler flags.
WARNING:tensorflow:Compiled the loaded model, but the compiled metrics have yet to be built. `model.compile_metrics` will be empty until you train or evaluate the model.
[2m[36m(Gan pid=2667791)[0m 2022-05-04 13:59:22.890764: W tensorflow/stream_executor/platform/default/dso_loader.cc:64] Could not load dynamic library 'libcuda.so.1'; dlerror: libcuda.so.1: cannot open shared object file: No such file or directory; LD_LIBRARY_PATH: /cm/shared/apps/slurm/current/lib64/slurm:/cm/shared/apps/slurm/current/lib64:/mnt/shared/apps/2022r1/gpu/linux-rhel8-zen/gcc-8.5.0/miniconda3-4.10.3-buki4rdp5gkqcoitw7pwnmyw7xdywhuu/lib
[2m[36m(Gan pid=2667791)[0m 2022-05-04 13:59:22.891670: W tensorflow/stream_executor/cuda/cuda_driver.cc:269] failed call to cuInit: UNKNOWN ERROR (303)
[2m[36m(Gan pid=2667791)[0m 2022-05-04 13:59:22.892265: I tensorflow/stream_executor/cuda/cuda_diagnostics.cc:156] kernel driver does not appear to be running on this host (mem002): /proc/driver/nvidia/version does not exist
[2m[36m(Gan pid=2667791)[0m 2022-05-04 13:59:22.893110: I tensorflow/core/platform/cpu_feature_guard.cc:151] This TensorFlow binary is optimized with oneAPI Deep Neural Network Library (oneDNN) to use the following CPU instructions in performance-critical operations:  AVX2 AVX512F FMA
[2m[36m(Gan pid=2667791)[0m To enable them in other operations, rebuild TensorFlow with the appropriate compiler flags.
[2m[36m(Gan pid=2667616)[0m WARNING:tensorflow:No training configuration found in save file, so the model was *not* compiled. Compile it manually.
[2m[36m(Gan pid=2667791)[0m WARNING:tensorflow:No training configuration found in save file, so the model was *not* compiled. Compile it manually.
[2m[36m(Gan pid=2667616)[0m WARNING:tensorflow:No training configuration found in save file, so the model was *not* compiled. Compile it manually.
[2m[36m(Gan pid=2667616)[0m /home/aamalan/.local/lib/python3.8/site-packages/keras/optimizer_v2/rmsprop.py:130: UserWarning: The `lr` argument is deprecated, use `learning_rate` instead.
[2m[36m(Gan pid=2667616)[0m   super(RMSprop, self).__init__(name, **kwargs)
[2m[36m(Gan pid=2667791)[0m WARNING:tensorflow:No training configuration found in save file, so the model was *not* compiled. Compile it manually.
[2m[36m(Gan pid=2667791)[0m /home/aamalan/.local/lib/python3.8/site-packages/keras/optimizer_v2/rmsprop.py:130: UserWarning: The `lr` argument is deprecated, use `learning_rate` instead.
[2m[36m(Gan pid=2667791)[0m   super(RMSprop, self).__init__(name, **kwargs)
[2m[36m(pid=2668596)[0m 2022-05-04 13:59:23.776485: W tensorflow/stream_executor/platform/default/dso_loader.cc:64] Could not load dynamic library 'libcudart.so.11.0'; dlerror: libcudart.so.11.0: cannot open shared object file: No such file or directory; LD_LIBRARY_PATH: /cm/shared/apps/slurm/current/lib64/slurm:/cm/shared/apps/slurm/current/lib64:/mnt/shared/apps/2022r1/gpu/linux-rhel8-zen/gcc-8.5.0/miniconda3-4.10.3-buki4rdp5gkqcoitw7pwnmyw7xdywhuu/lib
[2m[36m(pid=2668596)[0m 2022-05-04 13:59:23.777715: I tensorflow/stream_executor/cuda/cudart_stub.cc:29] Ignore above cudart dlerror if you do not have a GPU set up on your machine.
WARNING:tensorflow:Compiled the loaded model, but the compiled metrics have yet to be built. `model.compile_metrics` will be empty until you train or evaluate the model.
[2m[36m(Gan pid=2668117)[0m 2022-05-04 13:59:24.684854: W tensorflow/stream_executor/platform/default/dso_loader.cc:64] Could not load dynamic library 'libcuda.so.1'; dlerror: libcuda.so.1: cannot open shared object file: No such file or directory; LD_LIBRARY_PATH: /cm/shared/apps/slurm/current/lib64/slurm:/cm/shared/apps/slurm/current/lib64:/mnt/shared/apps/2022r1/gpu/linux-rhel8-zen/gcc-8.5.0/miniconda3-4.10.3-buki4rdp5gkqcoitw7pwnmyw7xdywhuu/lib
[2m[36m(Gan pid=2668117)[0m 2022-05-04 13:59:24.685628: W tensorflow/stream_executor/cuda/cuda_driver.cc:269] failed call to cuInit: UNKNOWN ERROR (303)
[2m[36m(Gan pid=2668117)[0m 2022-05-04 13:59:24.686090: I tensorflow/stream_executor/cuda/cuda_diagnostics.cc:156] kernel driver does not appear to be running on this host (mem002): /proc/driver/nvidia/version does not exist
[2m[36m(Gan pid=2668117)[0m 2022-05-04 13:59:24.687068: I tensorflow/core/platform/cpu_feature_guard.cc:151] This TensorFlow binary is optimized with oneAPI Deep Neural Network Library (oneDNN) to use the following CPU instructions in performance-critical operations:  AVX2 AVX512F FMA
[2m[36m(Gan pid=2668117)[0m To enable them in other operations, rebuild TensorFlow with the appropriate compiler flags.
WARNING:tensorflow:Compiled the loaded model, but the compiled metrics have yet to be built. `model.compile_metrics` will be empty until you train or evaluate the model.
[2m[36m(Gan pid=2668117)[0m WARNING:tensorflow:No training configuration found in save file, so the model was *not* compiled. Compile it manually.
[2m[36m(Gan pid=2668117)[0m WARNING:tensorflow:No training configuration found in save file, so the model was *not* compiled. Compile it manually.
[2m[36m(Gan pid=2668117)[0m /home/aamalan/.local/lib/python3.8/site-packages/keras/optimizer_v2/rmsprop.py:130: UserWarning: The `lr` argument is deprecated, use `learning_rate` instead.
[2m[36m(Gan pid=2668117)[0m   super(RMSprop, self).__init__(name, **kwargs)
[2m[36m(pid=2668678)[0m 2022-05-04 13:59:25.718028: W tensorflow/stream_executor/platform/default/dso_loader.cc:64] Could not load dynamic library 'libcudart.so.11.0'; dlerror: libcudart.so.11.0: cannot open shared object file: No such file or directory; LD_LIBRARY_PATH: /cm/shared/apps/slurm/current/lib64/slurm:/cm/shared/apps/slurm/current/lib64:/mnt/shared/apps/2022r1/gpu/linux-rhel8-zen/gcc-8.5.0/miniconda3-4.10.3-buki4rdp5gkqcoitw7pwnmyw7xdywhuu/lib
[2m[36m(pid=2668678)[0m 2022-05-04 13:59:25.718899: I tensorflow/stream_executor/cuda/cudart_stub.cc:29] Ignore above cudart dlerror if you do not have a GPU set up on your machine.
WARNING:tensorflow:Compiled the loaded model, but the compiled metrics have yet to be built. `model.compile_metrics` will be empty until you train or evaluate the model.
[2m[36m(Gan pid=2668379)[0m 2022-05-04 13:59:27.133817: W tensorflow/stream_executor/platform/default/dso_loader.cc:64] Could not load dynamic library 'libcuda.so.1'; dlerror: libcuda.so.1: cannot open shared object file: No such file or directory; LD_LIBRARY_PATH: /cm/shared/apps/slurm/current/lib64/slurm:/cm/shared/apps/slurm/current/lib64:/mnt/shared/apps/2022r1/gpu/linux-rhel8-zen/gcc-8.5.0/miniconda3-4.10.3-buki4rdp5gkqcoitw7pwnmyw7xdywhuu/lib
[2m[36m(Gan pid=2668379)[0m 2022-05-04 13:59:27.134637: W tensorflow/stream_executor/cuda/cuda_driver.cc:269] failed call to cuInit: UNKNOWN ERROR (303)
[2m[36m(Gan pid=2668379)[0m 2022-05-04 13:59:27.135447: I tensorflow/stream_executor/cuda/cuda_diagnostics.cc:156] kernel driver does not appear to be running on this host (mem002): /proc/driver/nvidia/version does not exist
[2m[36m(Gan pid=2668379)[0m 2022-05-04 13:59:27.136644: I tensorflow/core/platform/cpu_feature_guard.cc:151] This TensorFlow binary is optimized with oneAPI Deep Neural Network Library (oneDNN) to use the following CPU instructions in performance-critical operations:  AVX2 AVX512F FMA
[2m[36m(Gan pid=2668379)[0m To enable them in other operations, rebuild TensorFlow with the appropriate compiler flags.
WARNING:tensorflow:Compiled the loaded model, but the compiled metrics have yet to be built. `model.compile_metrics` will be empty until you train or evaluate the model.
[2m[36m(Gan pid=2668379)[0m WARNING:tensorflow:No training configuration found in save file, so the model was *not* compiled. Compile it manually.
[2m[36m(Gan pid=2668379)[0m WARNING:tensorflow:No training configuration found in save file, so the model was *not* compiled. Compile it manually.
[2m[36m(Gan pid=2668379)[0m /home/aamalan/.local/lib/python3.8/site-packages/keras/optimizer_v2/rmsprop.py:130: UserWarning: The `lr` argument is deprecated, use `learning_rate` instead.
[2m[36m(Gan pid=2668379)[0m   super(RMSprop, self).__init__(name, **kwargs)
[2m[36m(pid=2669240)[0m 2022-05-04 13:59:28.231791: W tensorflow/stream_executor/platform/default/dso_loader.cc:64] Could not load dynamic library 'libcudart.so.11.0'; dlerror: libcudart.so.11.0: cannot open shared object file: No such file or directory; LD_LIBRARY_PATH: /cm/shared/apps/slurm/current/lib64/slurm:/cm/shared/apps/slurm/current/lib64:/mnt/shared/apps/2022r1/gpu/linux-rhel8-zen/gcc-8.5.0/miniconda3-4.10.3-buki4rdp5gkqcoitw7pwnmyw7xdywhuu/lib
[2m[36m(pid=2669240)[0m 2022-05-04 13:59:28.233181: I tensorflow/stream_executor/cuda/cudart_stub.cc:29] Ignore above cudart dlerror if you do not have a GPU set up on your machine.
WARNING:tensorflow:Compiled the loaded model, but the compiled metrics have yet to be built. `model.compile_metrics` will be empty until you train or evaluate the model.
[2m[36m(Gan pid=2668596)[0m 2022-05-04 13:59:29.193186: W tensorflow/stream_executor/platform/default/dso_loader.cc:64] Could not load dynamic library 'libcuda.so.1'; dlerror: libcuda.so.1: cannot open shared object file: No such file or directory; LD_LIBRARY_PATH: /cm/shared/apps/slurm/current/lib64/slurm:/cm/shared/apps/slurm/current/lib64:/mnt/shared/apps/2022r1/gpu/linux-rhel8-zen/gcc-8.5.0/miniconda3-4.10.3-buki4rdp5gkqcoitw7pwnmyw7xdywhuu/lib
[2m[36m(Gan pid=2668596)[0m 2022-05-04 13:59:29.193826: W tensorflow/stream_executor/cuda/cuda_driver.cc:269] failed call to cuInit: UNKNOWN ERROR (303)
[2m[36m(Gan pid=2668596)[0m 2022-05-04 13:59:29.194485: I tensorflow/stream_executor/cuda/cuda_diagnostics.cc:156] kernel driver does not appear to be running on this host (mem002): /proc/driver/nvidia/version does not exist
[2m[36m(Gan pid=2668596)[0m 2022-05-04 13:59:29.195443: I tensorflow/core/platform/cpu_feature_guard.cc:151] This TensorFlow binary is optimized with oneAPI Deep Neural Network Library (oneDNN) to use the following CPU instructions in performance-critical operations:  AVX2 AVX512F FMA
[2m[36m(Gan pid=2668596)[0m To enable them in other operations, rebuild TensorFlow with the appropriate compiler flags.
WARNING:tensorflow:Compiled the loaded model, but the compiled metrics have yet to be built. `model.compile_metrics` will be empty until you train or evaluate the model.
[2m[36m(Gan pid=2668596)[0m WARNING:tensorflow:No training configuration found in save file, so the model was *not* compiled. Compile it manually.
[2m[36m(Gan pid=2668596)[0m WARNING:tensorflow:No training configuration found in save file, so the model was *not* compiled. Compile it manually.
[2m[36m(Gan pid=2668596)[0m /home/aamalan/.local/lib/python3.8/site-packages/keras/optimizer_v2/rmsprop.py:130: UserWarning: The `lr` argument is deprecated, use `learning_rate` instead.
[2m[36m(Gan pid=2668596)[0m   super(RMSprop, self).__init__(name, **kwargs)
[2m[36m(pid=2669362)[0m 2022-05-04 13:59:30.512464: W tensorflow/stream_executor/platform/default/dso_loader.cc:64] Could not load dynamic library 'libcudart.so.11.0'; dlerror: libcudart.so.11.0: cannot open shared object file: No such file or directory; LD_LIBRARY_PATH: /cm/shared/apps/slurm/current/lib64/slurm:/cm/shared/apps/slurm/current/lib64:/mnt/shared/apps/2022r1/gpu/linux-rhel8-zen/gcc-8.5.0/miniconda3-4.10.3-buki4rdp5gkqcoitw7pwnmyw7xdywhuu/lib
[2m[36m(pid=2669362)[0m 2022-05-04 13:59:30.513707: I tensorflow/stream_executor/cuda/cudart_stub.cc:29] Ignore above cudart dlerror if you do not have a GPU set up on your machine.
WARNING:tensorflow:Compiled the loaded model, but the compiled metrics have yet to be built. `model.compile_metrics` will be empty until you train or evaluate the model.
[2m[36m(Gan pid=2668678)[0m 2022-05-04 13:59:31.278429: W tensorflow/stream_executor/platform/default/dso_loader.cc:64] Could not load dynamic library 'libcuda.so.1'; dlerror: libcuda.so.1: cannot open shared object file: No such file or directory; LD_LIBRARY_PATH: /cm/shared/apps/slurm/current/lib64/slurm:/cm/shared/apps/slurm/current/lib64:/mnt/shared/apps/2022r1/gpu/linux-rhel8-zen/gcc-8.5.0/miniconda3-4.10.3-buki4rdp5gkqcoitw7pwnmyw7xdywhuu/lib
[2m[36m(Gan pid=2668678)[0m 2022-05-04 13:59:31.279553: W tensorflow/stream_executor/cuda/cuda_driver.cc:269] failed call to cuInit: UNKNOWN ERROR (303)
[2m[36m(Gan pid=2668678)[0m 2022-05-04 13:59:31.280366: I tensorflow/stream_executor/cuda/cuda_diagnostics.cc:156] kernel driver does not appear to be running on this host (mem002): /proc/driver/nvidia/version does not exist
[2m[36m(Gan pid=2668678)[0m 2022-05-04 13:59:31.281305: I tensorflow/core/platform/cpu_feature_guard.cc:151] This TensorFlow binary is optimized with oneAPI Deep Neural Network Library (oneDNN) to use the following CPU instructions in performance-critical operations:  AVX2 AVX512F FMA
[2m[36m(Gan pid=2668678)[0m To enable them in other operations, rebuild TensorFlow with the appropriate compiler flags.
[2m[36m(Gan pid=2668678)[0m WARNING:tensorflow:No training configuration found in save file, so the model was *not* compiled. Compile it manually.
WARNING:tensorflow:Compiled the loaded model, but the compiled metrics have yet to be built. `model.compile_metrics` will be empty until you train or evaluate the model.
[2m[36m(Gan pid=2668678)[0m WARNING:tensorflow:No training configuration found in save file, so the model was *not* compiled. Compile it manually.
[2m[36m(Gan pid=2668678)[0m /home/aamalan/.local/lib/python3.8/site-packages/keras/optimizer_v2/rmsprop.py:130: UserWarning: The `lr` argument is deprecated, use `learning_rate` instead.
[2m[36m(Gan pid=2668678)[0m   super(RMSprop, self).__init__(name, **kwargs)
[2m[36m(pid=2669716)[0m 2022-05-04 13:59:32.526081: W tensorflow/stream_executor/platform/default/dso_loader.cc:64] Could not load dynamic library 'libcudart.so.11.0'; dlerror: libcudart.so.11.0: cannot open shared object file: No such file or directory; LD_LIBRARY_PATH: /cm/shared/apps/slurm/current/lib64/slurm:/cm/shared/apps/slurm/current/lib64:/mnt/shared/apps/2022r1/gpu/linux-rhel8-zen/gcc-8.5.0/miniconda3-4.10.3-buki4rdp5gkqcoitw7pwnmyw7xdywhuu/lib
[2m[36m(pid=2669716)[0m 2022-05-04 13:59:32.527222: I tensorflow/stream_executor/cuda/cudart_stub.cc:29] Ignore above cudart dlerror if you do not have a GPU set up on your machine.
WARNING:tensorflow:Compiled the loaded model, but the compiled metrics have yet to be built. `model.compile_metrics` will be empty until you train or evaluate the model.
[2m[36m(Gan pid=2669240)[0m 2022-05-04 13:59:33.704008: W tensorflow/stream_executor/platform/default/dso_loader.cc:64] Could not load dynamic library 'libcuda.so.1'; dlerror: libcuda.so.1: cannot open shared object file: No such file or directory; LD_LIBRARY_PATH: /cm/shared/apps/slurm/current/lib64/slurm:/cm/shared/apps/slurm/current/lib64:/mnt/shared/apps/2022r1/gpu/linux-rhel8-zen/gcc-8.5.0/miniconda3-4.10.3-buki4rdp5gkqcoitw7pwnmyw7xdywhuu/lib
[2m[36m(Gan pid=2669240)[0m 2022-05-04 13:59:33.705015: W tensorflow/stream_executor/cuda/cuda_driver.cc:269] failed call to cuInit: UNKNOWN ERROR (303)
[2m[36m(Gan pid=2669240)[0m 2022-05-04 13:59:33.705617: I tensorflow/stream_executor/cuda/cuda_diagnostics.cc:156] kernel driver does not appear to be running on this host (mem002): /proc/driver/nvidia/version does not exist
[2m[36m(Gan pid=2669240)[0m 2022-05-04 13:59:33.706763: I tensorflow/core/platform/cpu_feature_guard.cc:151] This TensorFlow binary is optimized with oneAPI Deep Neural Network Library (oneDNN) to use the following CPU instructions in performance-critical operations:  AVX2 AVX512F FMA
[2m[36m(Gan pid=2669240)[0m To enable them in other operations, rebuild TensorFlow with the appropriate compiler flags.
E0504 13:59:34.216492360 2664159 fork_posix.cc:70]           Fork support is only compatible with the epoll1 and poll polling strategies
E0504 13:59:34.355182374 2664159 fork_posix.cc:70]           Fork support is only compatible with the epoll1 and poll polling strategies
[2m[36m(Gan pid=2669240)[0m WARNING:tensorflow:No training configuration found in save file, so the model was *not* compiled. Compile it manually.
[2m[36m(Gan pid=2669240)[0m WARNING:tensorflow:No training configuration found in save file, so the model was *not* compiled. Compile it manually.
[2m[36m(Gan pid=2669240)[0m /home/aamalan/.local/lib/python3.8/site-packages/keras/optimizer_v2/rmsprop.py:130: UserWarning: The `lr` argument is deprecated, use `learning_rate` instead.
[2m[36m(Gan pid=2669240)[0m   super(RMSprop, self).__init__(name, **kwargs)
[2m[36m(pid=2670007)[0m 2022-05-04 13:59:35.263394: W tensorflow/stream_executor/platform/default/dso_loader.cc:64] Could not load dynamic library 'libcudart.so.11.0'; dlerror: libcudart.so.11.0: cannot open shared object file: No such file or directory; LD_LIBRARY_PATH: /cm/shared/apps/slurm/current/lib64/slurm:/cm/shared/apps/slurm/current/lib64:/mnt/shared/apps/2022r1/gpu/linux-rhel8-zen/gcc-8.5.0/miniconda3-4.10.3-buki4rdp5gkqcoitw7pwnmyw7xdywhuu/lib
[2m[36m(pid=2670007)[0m 2022-05-04 13:59:35.264647: I tensorflow/stream_executor/cuda/cudart_stub.cc:29] Ignore above cudart dlerror if you do not have a GPU set up on your machine.
28
E0504 13:59:35.964634359 2664159 fork_posix.cc:70]           Fork support is only compatible with the epoll1 and poll polling strategies
E0504 13:59:36.094840184 2664159 fork_posix.cc:70]           Fork support is only compatible with the epoll1 and poll polling strategies
[2m[36m(Gan pid=2669362)[0m 2022-05-04 13:59:36.523801: W tensorflow/stream_executor/platform/default/dso_loader.cc:64] Could not load dynamic library 'libcuda.so.1'; dlerror: libcuda.so.1: cannot open shared object file: No such file or directory; LD_LIBRARY_PATH: /cm/shared/apps/slurm/current/lib64/slurm:/cm/shared/apps/slurm/current/lib64:/mnt/shared/apps/2022r1/gpu/linux-rhel8-zen/gcc-8.5.0/miniconda3-4.10.3-buki4rdp5gkqcoitw7pwnmyw7xdywhuu/lib
[2m[36m(Gan pid=2669362)[0m 2022-05-04 13:59:36.524457: W tensorflow/stream_executor/cuda/cuda_driver.cc:269] failed call to cuInit: UNKNOWN ERROR (303)
[2m[36m(Gan pid=2669362)[0m 2022-05-04 13:59:36.525030: I tensorflow/stream_executor/cuda/cuda_diagnostics.cc:156] kernel driver does not appear to be running on this host (mem002): /proc/driver/nvidia/version does not exist
[2m[36m(Gan pid=2669362)[0m 2022-05-04 13:59:36.525839: I tensorflow/core/platform/cpu_feature_guard.cc:151] This TensorFlow binary is optimized with oneAPI Deep Neural Network Library (oneDNN) to use the following CPU instructions in performance-critical operations:  AVX2 AVX512F FMA
[2m[36m(Gan pid=2669362)[0m To enable them in other operations, rebuild TensorFlow with the appropriate compiler flags.
28
[2m[36m(Gan pid=2669362)[0m WARNING:tensorflow:No training configuration found in save file, so the model was *not* compiled. Compile it manually.
[2m[36m(pid=2670203)[0m 2022-05-04 13:59:37.191802: W tensorflow/stream_executor/platform/default/dso_loader.cc:64] Could not load dynamic library 'libcudart.so.11.0'; dlerror: libcudart.so.11.0: cannot open shared object file: No such file or directory; LD_LIBRARY_PATH: /cm/shared/apps/slurm/current/lib64/slurm:/cm/shared/apps/slurm/current/lib64:/mnt/shared/apps/2022r1/gpu/linux-rhel8-zen/gcc-8.5.0/miniconda3-4.10.3-buki4rdp5gkqcoitw7pwnmyw7xdywhuu/lib
[2m[36m(pid=2670203)[0m 2022-05-04 13:59:37.193145: I tensorflow/stream_executor/cuda/cudart_stub.cc:29] Ignore above cudart dlerror if you do not have a GPU set up on your machine.
E0504 13:59:37.236714958 2664159 fork_posix.cc:70]           Fork support is only compatible with the epoll1 and poll polling strategies
E0504 13:59:37.385054598 2664159 fork_posix.cc:70]           Fork support is only compatible with the epoll1 and poll polling strategies
[2m[36m(Gan pid=2669362)[0m WARNING:tensorflow:No training configuration found in save file, so the model was *not* compiled. Compile it manually.
[2m[36m(Gan pid=2669362)[0m /home/aamalan/.local/lib/python3.8/site-packages/keras/optimizer_v2/rmsprop.py:130: UserWarning: The `lr` argument is deprecated, use `learning_rate` instead.
[2m[36m(Gan pid=2669362)[0m   super(RMSprop, self).__init__(name, **kwargs)
28
E0504 13:59:38.518549104 2664159 fork_posix.cc:70]           Fork support is only compatible with the epoll1 and poll polling strategies
E0504 13:59:38.635170225 2664159 fork_posix.cc:70]           Fork support is only compatible with the epoll1 and poll polling strategies
[2m[36m(Gan pid=2669716)[0m 2022-05-04 13:59:38.749637: W tensorflow/stream_executor/platform/default/dso_loader.cc:64] Could not load dynamic library 'libcuda.so.1'; dlerror: libcuda.so.1: cannot open shared object file: No such file or directory; LD_LIBRARY_PATH: /cm/shared/apps/slurm/current/lib64/slurm:/cm/shared/apps/slurm/current/lib64:/mnt/shared/apps/2022r1/gpu/linux-rhel8-zen/gcc-8.5.0/miniconda3-4.10.3-buki4rdp5gkqcoitw7pwnmyw7xdywhuu/lib
[2m[36m(Gan pid=2669716)[0m 2022-05-04 13:59:38.750635: W tensorflow/stream_executor/cuda/cuda_driver.cc:269] failed call to cuInit: UNKNOWN ERROR (303)
[2m[36m(Gan pid=2669716)[0m 2022-05-04 13:59:38.751265: I tensorflow/stream_executor/cuda/cuda_diagnostics.cc:156] kernel driver does not appear to be running on this host (mem002): /proc/driver/nvidia/version does not exist
[2m[36m(Gan pid=2669716)[0m 2022-05-04 13:59:38.752105: I tensorflow/core/platform/cpu_feature_guard.cc:151] This TensorFlow binary is optimized with oneAPI Deep Neural Network Library (oneDNN) to use the following CPU instructions in performance-critical operations:  AVX2 AVX512F FMA
[2m[36m(Gan pid=2669716)[0m To enable them in other operations, rebuild TensorFlow with the appropriate compiler flags.
E0504 13:59:38.848019091 2664159 fork_posix.cc:70]           Fork support is only compatible with the epoll1 and poll polling strategies
E0504 13:59:38.935302704 2664159 fork_posix.cc:70]           Fork support is only compatible with the epoll1 and poll polling strategies
E0504 13:59:39.157420466 2664159 fork_posix.cc:70]           Fork support is only compatible with the epoll1 and poll polling strategies
E0504 13:59:39.289034569 2664159 fork_posix.cc:70]           Fork support is only compatible with the epoll1 and poll polling strategies
iteration 0
[2m[36m(Gan pid=2669716)[0m WARNING:tensorflow:No training configuration found in save file, so the model was *not* compiled. Compile it manually.
[2m[36m(Gan pid=2669716)[0m WARNING:tensorflow:No training configuration found in save file, so the model was *not* compiled. Compile it manually.
[2m[36m(Gan pid=2669716)[0m /home/aamalan/.local/lib/python3.8/site-packages/keras/optimizer_v2/rmsprop.py:130: UserWarning: The `lr` argument is deprecated, use `learning_rate` instead.
[2m[36m(Gan pid=2669716)[0m   super(RMSprop, self).__init__(name, **kwargs)
[2m[36m(Gan pid=2670007)[0m 2022-05-04 13:59:40.624150: W tensorflow/stream_executor/platform/default/dso_loader.cc:64] Could not load dynamic library 'libcuda.so.1'; dlerror: libcuda.so.1: cannot open shared object file: No such file or directory; LD_LIBRARY_PATH: /cm/shared/apps/slurm/current/lib64/slurm:/cm/shared/apps/slurm/current/lib64:/mnt/shared/apps/2022r1/gpu/linux-rhel8-zen/gcc-8.5.0/miniconda3-4.10.3-buki4rdp5gkqcoitw7pwnmyw7xdywhuu/lib
[2m[36m(Gan pid=2670007)[0m 2022-05-04 13:59:40.625098: W tensorflow/stream_executor/cuda/cuda_driver.cc:269] failed call to cuInit: UNKNOWN ERROR (303)
[2m[36m(Gan pid=2670007)[0m 2022-05-04 13:59:40.625892: I tensorflow/stream_executor/cuda/cuda_diagnostics.cc:156] kernel driver does not appear to be running on this host (mem002): /proc/driver/nvidia/version does not exist
[2m[36m(Gan pid=2670007)[0m 2022-05-04 13:59:40.626951: I tensorflow/core/platform/cpu_feature_guard.cc:151] This TensorFlow binary is optimized with oneAPI Deep Neural Network Library (oneDNN) to use the following CPU instructions in performance-critical operations:  AVX2 AVX512F FMA
[2m[36m(Gan pid=2670007)[0m To enable them in other operations, rebuild TensorFlow with the appropriate compiler flags.
[2m[36m(Gan pid=2670007)[0m WARNING:tensorflow:No training configuration found in save file, so the model was *not* compiled. Compile it manually.
/home/aamalan/.local/lib/python3.8/site-packages/numpy/core/_methods.py:163: VisibleDeprecationWarning: Creating an ndarray from ragged nested sequences (which is a list-or-tuple of lists-or-tuples-or ndarrays with different lengths or shapes) is deprecated. If you meant to do this, you must specify 'dtype=object' when creating the ndarray.
  arr = asanyarray(a)
[2m[36m(Gan pid=2670007)[0m WARNING:tensorflow:No training configuration found in save file, so the model was *not* compiled. Compile it manually.
[2m[36m(Gan pid=2670007)[0m /home/aamalan/.local/lib/python3.8/site-packages/keras/optimizer_v2/rmsprop.py:130: UserWarning: The `lr` argument is deprecated, use `learning_rate` instead.
[2m[36m(Gan pid=2670007)[0m   super(RMSprop, self).__init__(name, **kwargs)
[2m[36m(Gan pid=2670203)[0m 2022-05-04 13:59:42.802737: W tensorflow/stream_executor/platform/default/dso_loader.cc:64] Could not load dynamic library 'libcuda.so.1'; dlerror: libcuda.so.1: cannot open shared object file: No such file or directory; LD_LIBRARY_PATH: /cm/shared/apps/slurm/current/lib64/slurm:/cm/shared/apps/slurm/current/lib64:/mnt/shared/apps/2022r1/gpu/linux-rhel8-zen/gcc-8.5.0/miniconda3-4.10.3-buki4rdp5gkqcoitw7pwnmyw7xdywhuu/lib
[2m[36m(Gan pid=2670203)[0m 2022-05-04 13:59:42.803555: W tensorflow/stream_executor/cuda/cuda_driver.cc:269] failed call to cuInit: UNKNOWN ERROR (303)
[2m[36m(Gan pid=2670203)[0m 2022-05-04 13:59:42.804345: I tensorflow/stream_executor/cuda/cuda_diagnostics.cc:156] kernel driver does not appear to be running on this host (mem002): /proc/driver/nvidia/version does not exist
[2m[36m(Gan pid=2670203)[0m 2022-05-04 13:59:42.805652: I tensorflow/core/platform/cpu_feature_guard.cc:151] This TensorFlow binary is optimized with oneAPI Deep Neural Network Library (oneDNN) to use the following CPU instructions in performance-critical operations:  AVX2 AVX512F FMA
[2m[36m(Gan pid=2670203)[0m To enable them in other operations, rebuild TensorFlow with the appropriate compiler flags.
[2m[36m(Gan pid=2670203)[0m WARNING:tensorflow:No training configuration found in save file, so the model was *not* compiled. Compile it manually.
[2m[36m(Gan pid=2670203)[0m WARNING:tensorflow:No training configuration found in save file, so the model was *not* compiled. Compile it manually.
[2m[36m(Gan pid=2670203)[0m /home/aamalan/.local/lib/python3.8/site-packages/keras/optimizer_v2/rmsprop.py:130: UserWarning: The `lr` argument is deprecated, use `learning_rate` instead.
[2m[36m(Gan pid=2670203)[0m   super(RMSprop, self).__init__(name, **kwargs)
